Loaded dependency [python3/3.10.7]: gcc/11.3.0-binutils-2.38
Loaded module: python3/3.10.7

Loading python3/3.10.7
  Loading requirement: gcc/11.3.0-binutils-2.38
Loaded module: cuda/11.6
Loaded module: cudnn/v8.3.2.44-prod-cuda-11.X
2023-01-19 16:24:01.772669: I tensorflow/core/platform/cpu_feature_guard.cc:193] This TensorFlow binary is optimized with oneAPI Deep Neural Network Library (oneDNN) to use the following CPU instructions in performance-critical operations:  AVX2 AVX512F FMA
To enable them in other operations, rebuild TensorFlow with the appropriate compiler flags.
2023-01-19 16:24:07.216555: W tensorflow/compiler/xla/stream_executor/platform/default/dso_loader.cc:64] Could not load dynamic library 'libnvinfer.so.7'; dlerror: libnvinfer.so.7: cannot open shared object file: No such file or directory; LD_LIBRARY_PATH: /appl/cudnn/v8.3.2.44-prod-cuda-11.5/lib:/appl/cuda/11.6.0/lib64:/appl/python/3.10.7/lib:/appl/gcc/11.3.0-binutils-2.38/lib64:/appl/gcc/11.3.0-binutils-2.38/lib:/lsf/10.1/linux3.10-glibc2.17-x86_64/lib
2023-01-19 16:24:07.217360: W tensorflow/compiler/xla/stream_executor/platform/default/dso_loader.cc:64] Could not load dynamic library 'libnvinfer_plugin.so.7'; dlerror: libnvinfer_plugin.so.7: cannot open shared object file: No such file or directory; LD_LIBRARY_PATH: /appl/cudnn/v8.3.2.44-prod-cuda-11.5/lib:/appl/cuda/11.6.0/lib64:/appl/python/3.10.7/lib:/appl/gcc/11.3.0-binutils-2.38/lib64:/appl/gcc/11.3.0-binutils-2.38/lib:/lsf/10.1/linux3.10-glibc2.17-x86_64/lib
2023-01-19 16:24:07.217372: W tensorflow/compiler/tf2tensorrt/utils/py_utils.cc:38] TF-TRT Warning: Cannot dlopen some TensorRT libraries. If you would like to use Nvidia GPU with TensorRT, please make sure the missing libraries mentioned above are installed properly.
2023-01-19 16:24:13.145936: I tensorflow/core/platform/cpu_feature_guard.cc:193] This TensorFlow binary is optimized with oneAPI Deep Neural Network Library (oneDNN) to use the following CPU instructions in performance-critical operations:  AVX2 AVX512F FMA
To enable them in other operations, rebuild TensorFlow with the appropriate compiler flags.
2023-01-19 16:24:16.304099: I tensorflow/core/common_runtime/gpu/gpu_device.cc:1613] Created device /job:localhost/replica:0/task:0/device:GPU:0 with 30960 MB memory:  -> device: 0, name: Tesla V100-PCIE-32GB, pci bus id: 0000:d8:00.0, compute capability: 7.0
Epochs:  100
Optimizer:  RMSprop(learning_rate=0.003)
Loss function name:  square_abs_min_individual_loss
Csv file used:  black_background_500x500.csv
Verbose:  2
Unique name:  RMSprop_square_abs_min_individual_loss_0003
Output folder:  iter4
 ################ MODEL ############### 
 
inputs = keras.Input(shape=(input_size, input_size, 1))
x = layers.Conv2D(filters=32, kernel_size=3, activation="relu")(inputs)
x = layers.Conv2D(filters=32, kernel_size=3, activation="relu")(x)
x = layers.MaxPooling2D(pool_size=4)(x)
x = layers.Conv2D(filters=32, kernel_size=3, activation="relu")(x)
x = layers.Conv2D(filters=32, kernel_size=3, activation="relu")(x)
x = layers.MaxPooling2D(pool_size=4)(x)
x = layers.Conv2D(filters=32, kernel_size=3, activation="relu")(x)
x = layers.Conv2D(filters=32, kernel_size=3, activation="relu")(x)
x = layers.MaxPooling2D(pool_size=4)(x)
x = layers.Flatten()(x)
x = layers.Dense(128, activation="relu")(x)
x = layers.Dense(16, activation="relu")(x)
outputs = layers.Dense(3)(x)


Model: "model"
_________________________________________________________________
 Layer (type)                Output Shape              Param #   
=================================================================
 input_1 (InputLayer)        [(None, 500, 500, 1)]     0         
                                                                 
 conv2d (Conv2D)             (None, 498, 498, 32)      320       
                                                                 
 conv2d_1 (Conv2D)           (None, 496, 496, 32)      9248      
                                                                 
 max_pooling2d (MaxPooling2D  (None, 124, 124, 32)     0         
 )                                                               
                                                                 
 conv2d_2 (Conv2D)           (None, 122, 122, 32)      9248      
                                                                 
 conv2d_3 (Conv2D)           (None, 120, 120, 32)      9248      
                                                                 
 max_pooling2d_1 (MaxPooling  (None, 30, 30, 32)       0         
 2D)                                                             
                                                                 
 conv2d_4 (Conv2D)           (None, 28, 28, 32)        9248      
                                                                 
 conv2d_5 (Conv2D)           (None, 26, 26, 32)        9248      
                                                                 
 max_pooling2d_2 (MaxPooling  (None, 6, 6, 32)         0         
 2D)                                                             
                                                                 
 flatten (Flatten)           (None, 1152)              0         
                                                                 
 dense (Dense)               (None, 128)               147584    
                                                                 
 dense_1 (Dense)             (None, 16)                2064      
                                                                 
 dense_2 (Dense)             (None, 3)                 51        
                                                                 
=================================================================
Total params: 196,259
Trainable params: 196,259
Non-trainable params: 0
_________________________________________________________________
/zhome/ab/7/153983/project/venv/lib/python3.10/site-packages/keras/utils/image_utils.py:409: UserWarning: grayscale is deprecated. Please use color_mode = "grayscale"
  warnings.warn(
Epoch 1/100
2023-01-19 16:24:20.211647: I tensorflow/compiler/xla/stream_executor/cuda/cuda_dnn.cc:428] Loaded cuDNN version 8302
273/273 - 73s - loss: 0.0885 - square_abs_min_individual_loss: 0.0885 - accuracy: 0.3108 - val_loss: 0.0894 - val_square_abs_min_individual_loss: 0.0894 - val_accuracy: 0.2923 - 73s/epoch - 268ms/step
Epoch 2/100
273/273 - 67s - loss: 0.0813 - square_abs_min_individual_loss: 0.0813 - accuracy: 0.3041 - val_loss: 0.0682 - val_square_abs_min_individual_loss: 0.0682 - val_accuracy: 0.2641 - 67s/epoch - 246ms/step
Epoch 3/100
273/273 - 68s - loss: 0.0804 - square_abs_min_individual_loss: 0.0804 - accuracy: 0.2856 - val_loss: 0.0878 - val_square_abs_min_individual_loss: 0.0878 - val_accuracy: 0.3821 - 68s/epoch - 249ms/step
Epoch 4/100
273/273 - 69s - loss: 0.0793 - square_abs_min_individual_loss: 0.0793 - accuracy: 0.3356 - val_loss: 0.0752 - val_square_abs_min_individual_loss: 0.0752 - val_accuracy: 0.3982 - 69s/epoch - 254ms/step
Epoch 5/100
273/273 - 67s - loss: 0.0822 - square_abs_min_individual_loss: 0.0822 - accuracy: 0.2738 - val_loss: 0.0881 - val_square_abs_min_individual_loss: 0.0881 - val_accuracy: 0.2772 - 67s/epoch - 245ms/step
Epoch 6/100
273/273 - 68s - loss: 0.0795 - square_abs_min_individual_loss: 0.0795 - accuracy: 0.3115 - val_loss: 0.0885 - val_square_abs_min_individual_loss: 0.0885 - val_accuracy: 0.3226 - 68s/epoch - 250ms/step
Epoch 7/100
Terminated

------------------------------------------------------------
Sender: LSF System <lsfadmin@hpc.dtu.dk>
Subject: Job 15216334: <s202741-train> in cluster <dcc> Exited

Job <s202741-train> was submitted from host <n-62-20-1> by user <s202741> in cluster <dcc> at Thu Jan 19 13:28:36 2023
Job was executed on host(s) <4*n-62-20-16>, in queue <gpuv100>, as user <s202741> in cluster <dcc> at Thu Jan 19 16:23:57 2023
</zhome/ab/7/153983> was used as the home directory.
</zhome/ab/7/153983/project/scripts> was used as the working directory.
Started at Thu Jan 19 16:23:57 2023
Terminated at Thu Jan 19 16:32:19 2023
Results reported at Thu Jan 19 16:32:19 2023

Your job looked like:

------------------------------------------------------------
# LSBATCH: User input

#!/bin/bash
### General options
### -- specify queue --   NOTE: TitanX is significantly faster than K80
#BSUB -q gpuv100
#BSUB -gpu "num=1:mode=exclusive_process"
### -- set the job Name --
#BSUB -J s202741-train
### -- ask for number of cores (default: 1) --
#BSUB -n 4
#BSUB -R "span[hosts=1]"
### -- set walltime limit: hh:mm --  maximum 24 hours for GPU-queues right now
#BSUB -W 3:00
# request 5GB of memory
#BSUB -R "rusage[mem=5GB]"
### -- Specify the output and error file. %J is the job-id --
### -- -o and -e mean append, -oo and -eo mean overwrite --
#BSUB -o iter4/Logs/RMSprop_square_abs_min_individual_loss_0003%J.out
# -- end of LSF options --

# Necessary modules
cd ..
source venv/bin/activate

python trainModelIter2.py 100 "RMSprop(learning_rate=0.003)" "square_abs_min_individual_loss" "black_background_500x500.csv" 2 "RMSprop_square_abs_min_individual_loss_0003" "iter4"

    
------------------------------------------------------------

Exited with exit code 143.

Resource usage summary:

    CPU time :                                   573.00 sec.
    Max Memory :                                 3021 MB
    Average Memory :                             2492.50 MB
    Total Requested Memory :                     20480.00 MB
    Delta Memory :                               17459.00 MB
    Max Swap :                                   -
    Max Processes :                              4
    Max Threads :                                27
    Run time :                                   502 sec.
    Turnaround time :                            11023 sec.

The output (if any) is above this job summary.

