Loaded dependency [python3/3.10.7]: gcc/11.3.0-binutils-2.38
Loaded module: python3/3.10.7

Loading python3/3.10.7
  Loading requirement: gcc/11.3.0-binutils-2.38
Loaded module: cuda/11.6
Loaded module: cudnn/v8.3.2.44-prod-cuda-11.X
2023-01-23 11:24:50.817902: I tensorflow/core/platform/cpu_feature_guard.cc:193] This TensorFlow binary is optimized with oneAPI Deep Neural Network Library (oneDNN) to use the following CPU instructions in performance-critical operations:  AVX2 AVX512F AVX512_VNNI FMA
To enable them in other operations, rebuild TensorFlow with the appropriate compiler flags.
2023-01-23 11:24:50.979599: I tensorflow/core/util/port.cc:104] oneDNN custom operations are on. You may see slightly different numerical results due to floating-point round-off errors from different computation orders. To turn them off, set the environment variable `TF_ENABLE_ONEDNN_OPTS=0`.
2023-01-23 11:24:53.291380: W tensorflow/compiler/xla/stream_executor/platform/default/dso_loader.cc:64] Could not load dynamic library 'libnvinfer.so.7'; dlerror: libnvinfer.so.7: cannot open shared object file: No such file or directory; LD_LIBRARY_PATH: /appl/cudnn/v8.3.2.44-prod-cuda-11.5/lib:/appl/cuda/11.6.0/lib64:/appl/python/3.10.7/lib:/appl/gcc/11.3.0-binutils-2.38/lib64:/appl/gcc/11.3.0-binutils-2.38/lib:/lsf/10.1/linux3.10-glibc2.17-x86_64/lib
2023-01-23 11:24:53.292129: W tensorflow/compiler/xla/stream_executor/platform/default/dso_loader.cc:64] Could not load dynamic library 'libnvinfer_plugin.so.7'; dlerror: libnvinfer_plugin.so.7: cannot open shared object file: No such file or directory; LD_LIBRARY_PATH: /appl/cudnn/v8.3.2.44-prod-cuda-11.5/lib:/appl/cuda/11.6.0/lib64:/appl/python/3.10.7/lib:/appl/gcc/11.3.0-binutils-2.38/lib64:/appl/gcc/11.3.0-binutils-2.38/lib:/lsf/10.1/linux3.10-glibc2.17-x86_64/lib
2023-01-23 11:24:53.292164: W tensorflow/compiler/tf2tensorrt/utils/py_utils.cc:38] TF-TRT Warning: Cannot dlopen some TensorRT libraries. If you would like to use Nvidia GPU with TensorRT, please make sure the missing libraries mentioned above are installed properly.
2023-01-23 11:24:58.551733: I tensorflow/core/platform/cpu_feature_guard.cc:193] This TensorFlow binary is optimized with oneAPI Deep Neural Network Library (oneDNN) to use the following CPU instructions in performance-critical operations:  AVX2 AVX512F AVX512_VNNI FMA
To enable them in other operations, rebuild TensorFlow with the appropriate compiler flags.
2023-01-23 11:24:59.224198: I tensorflow/core/common_runtime/gpu/gpu_device.cc:1613] Created device /job:localhost/replica:0/task:0/device:GPU:0 with 30960 MB memory:  -> device: 0, name: Tesla V100-PCIE-32GB, pci bus id: 0000:d8:00.0, compute capability: 7.0
Epochs:  100
Optimizer:  RMSprop(learning_rate=0.001)
Loss function name:  sqrt_abs_min_loss
Csv file used:  black_background_500x500.csv
Verbose:  2
Unique name:  RMSprop_sqrt_abs_min_loss_0001_model_g_
Output folder:  iter6
Model name:  load_model_g
 
        ################ MODEL ############### 

        inputs = keras.Input(shape=(input_size, input_size, 1))
        x = layers.Conv2D(filters=64, kernel_size=11, activation="relu")(inputs)
        x = layers.Conv2D(filters=64, kernel_size=11, activation="relu")(x)
        x = layers.MaxPooling2D(pool_size=2)(x)
        x = layers.Conv2D(filters=64, kernel_size=5, activation="relu")(x)
        x = layers.Conv2D(filters=64, kernel_size=5, activation="relu")(x)
        x = layers.MaxPooling2D(pool_size=2)(x)
        x = layers.Conv2D(filters=64, kernel_size=3, activation="relu")(x)
        x = layers.Conv2D(filters=64, kernel_size=3, activation="relu")(x)
        x = layers.MaxPooling2D(pool_size=2)(x)
        x = layers.Conv2D(filters=64, kernel_size=3, activation="relu")(x)
        x = layers.Conv2D(filters=64, kernel_size=3, activation="relu")(x)
        x = layers.MaxPooling2D(pool_size=2)(x)
        x = layers.Conv2D(filters=64, kernel_size=3, activation="relu")(x)
        x = layers.Conv2D(filters=64, kernel_size=3, activation="relu")(x)
        x = layers.MaxPooling2D(pool_size=2)(x)
        x = layers.Conv2D(filters=64, kernel_size=3, activation="relu")(x)
        x = layers.Conv2D(filters=64, kernel_size=3, activation="relu")(x)
        x = layers.MaxPooling2D(pool_size=2)(x)
        x = layers.Flatten()(x)
        x = layers.Dense(210, activation="relu")(x)
        x = layers.Dense(64, activation="relu")(x)
        x = layers.Dense(16, activation="sigmoid")(x)
        outputs = layers.Dense(3)(x)

        model = keras.Model(inputs=inputs, outputs=outputs)
    
Model: "model"
_________________________________________________________________
 Layer (type)                Output Shape              Param #   
=================================================================
 input_1 (InputLayer)        [(None, 500, 500, 1)]     0         
                                                                 
 conv2d (Conv2D)             (None, 490, 490, 64)      7808      
                                                                 
 conv2d_1 (Conv2D)           (None, 480, 480, 64)      495680    
                                                                 
 max_pooling2d (MaxPooling2D  (None, 240, 240, 64)     0         
 )                                                               
                                                                 
 conv2d_2 (Conv2D)           (None, 236, 236, 64)      102464    
                                                                 
 conv2d_3 (Conv2D)           (None, 232, 232, 64)      102464    
                                                                 
 max_pooling2d_1 (MaxPooling  (None, 116, 116, 64)     0         
 2D)                                                             
                                                                 
 conv2d_4 (Conv2D)           (None, 114, 114, 64)      36928     
                                                                 
 conv2d_5 (Conv2D)           (None, 112, 112, 64)      36928     
                                                                 
 max_pooling2d_2 (MaxPooling  (None, 56, 56, 64)       0         
 2D)                                                             
                                                                 
 conv2d_6 (Conv2D)           (None, 54, 54, 64)        36928     
                                                                 
 conv2d_7 (Conv2D)           (None, 52, 52, 64)        36928     
                                                                 
 max_pooling2d_3 (MaxPooling  (None, 26, 26, 64)       0         
 2D)                                                             
                                                                 
 conv2d_8 (Conv2D)           (None, 24, 24, 64)        36928     
                                                                 
 conv2d_9 (Conv2D)           (None, 22, 22, 64)        36928     
                                                                 
 max_pooling2d_4 (MaxPooling  (None, 11, 11, 64)       0         
 2D)                                                             
                                                                 
 conv2d_10 (Conv2D)          (None, 9, 9, 64)          36928     
                                                                 
 conv2d_11 (Conv2D)          (None, 7, 7, 64)          36928     
                                                                 
 max_pooling2d_5 (MaxPooling  (None, 3, 3, 64)         0         
 2D)                                                             
                                                                 
 flatten (Flatten)           (None, 576)               0         
                                                                 
 dense (Dense)               (None, 210)               121170    
                                                                 
 dense_1 (Dense)             (None, 64)                13504     
                                                                 
 dense_2 (Dense)             (None, 16)                1040      
                                                                 
 dense_3 (Dense)             (None, 3)                 51        
                                                                 
=================================================================
Total params: 1,139,605
Trainable params: 1,139,605
Non-trainable params: 0
_________________________________________________________________
/zhome/ab/7/153983/project/venv/lib/python3.10/site-packages/keras/utils/image_utils.py:409: UserWarning: grayscale is deprecated. Please use color_mode = "grayscale"
  warnings.warn(
Epoch 1/100
2023-01-23 11:25:02.971333: I tensorflow/compiler/xla/stream_executor/cuda/cuda_dnn.cc:428] Loaded cuDNN version 8302
273/273 - 268s - loss: 0.4879 - sqrt_abs_min_loss: 0.4879 - accuracy: 0.2849 - val_loss: 0.4686 - val_sqrt_abs_min_loss: 0.4686 - val_accuracy: 0.3558 - 268s/epoch - 982ms/step
Epoch 2/100
273/273 - 240s - loss: 0.4583 - sqrt_abs_min_loss: 0.4583 - accuracy: 0.2610 - val_loss: 0.4803 - val_sqrt_abs_min_loss: 0.4803 - val_accuracy: 0.3014 - 240s/epoch - 880ms/step
Epoch 3/100
273/273 - 240s - loss: 0.4632 - sqrt_abs_min_loss: 0.4632 - accuracy: 0.3669 - val_loss: 0.4661 - val_sqrt_abs_min_loss: 0.4661 - val_accuracy: 0.4012 - 240s/epoch - 880ms/step
Epoch 4/100
273/273 - 240s - loss: 0.4691 - sqrt_abs_min_loss: 0.4691 - accuracy: 0.3471 - val_loss: 0.4727 - val_sqrt_abs_min_loss: 0.4727 - val_accuracy: 0.3165 - 240s/epoch - 880ms/step
Epoch 5/100
273/273 - 240s - loss: 0.4644 - sqrt_abs_min_loss: 0.4644 - accuracy: 0.3310 - val_loss: 0.4706 - val_sqrt_abs_min_loss: 0.4706 - val_accuracy: 0.3327 - 240s/epoch - 880ms/step
Epoch 6/100
273/273 - 240s - loss: 0.4750 - sqrt_abs_min_loss: 0.4750 - accuracy: 0.2874 - val_loss: 0.4722 - val_sqrt_abs_min_loss: 0.4722 - val_accuracy: 0.2903 - 240s/epoch - 880ms/step
Epoch 7/100
273/273 - 240s - loss: 0.4546 - sqrt_abs_min_loss: 0.4546 - accuracy: 0.2568 - val_loss: 0.4635 - val_sqrt_abs_min_loss: 0.4635 - val_accuracy: 0.3185 - 240s/epoch - 880ms/step
Epoch 8/100
273/273 - 240s - loss: 0.4561 - sqrt_abs_min_loss: 0.4561 - accuracy: 0.3268 - val_loss: 0.4775 - val_sqrt_abs_min_loss: 0.4775 - val_accuracy: 0.3286 - 240s/epoch - 880ms/step
Epoch 9/100
273/273 - 240s - loss: 0.4650 - sqrt_abs_min_loss: 0.4650 - accuracy: 0.4264 - val_loss: 0.4856 - val_sqrt_abs_min_loss: 0.4856 - val_accuracy: 0.4224 - 240s/epoch - 880ms/step
Epoch 10/100
273/273 - 240s - loss: 0.4711 - sqrt_abs_min_loss: 0.4711 - accuracy: 0.3363 - val_loss: 0.4545 - val_sqrt_abs_min_loss: 0.4545 - val_accuracy: 0.2369 - 240s/epoch - 881ms/step
Epoch 11/100
273/273 - 240s - loss: 0.4585 - sqrt_abs_min_loss: 0.4585 - accuracy: 0.3217 - val_loss: 0.4795 - val_sqrt_abs_min_loss: 0.4795 - val_accuracy: 0.4173 - 240s/epoch - 880ms/step
Epoch 12/100
273/273 - 240s - loss: 0.4683 - sqrt_abs_min_loss: 0.4683 - accuracy: 0.3106 - val_loss: 0.4616 - val_sqrt_abs_min_loss: 0.4616 - val_accuracy: 0.3085 - 240s/epoch - 878ms/step
Epoch 13/100
273/273 - 240s - loss: 0.4700 - sqrt_abs_min_loss: 0.4700 - accuracy: 0.3766 - val_loss: 0.4983 - val_sqrt_abs_min_loss: 0.4983 - val_accuracy: 0.3427 - 240s/epoch - 879ms/step
Epoch 14/100
273/273 - 240s - loss: 0.4636 - sqrt_abs_min_loss: 0.4636 - accuracy: 0.2977 - val_loss: 0.4797 - val_sqrt_abs_min_loss: 0.4797 - val_accuracy: 0.3125 - 240s/epoch - 879ms/step
Epoch 15/100
273/273 - 240s - loss: 0.4633 - sqrt_abs_min_loss: 0.4633 - accuracy: 0.3112 - val_loss: 0.4888 - val_sqrt_abs_min_loss: 0.4888 - val_accuracy: 0.3145 - 240s/epoch - 879ms/step
Epoch 16/100
273/273 - 240s - loss: 0.4551 - sqrt_abs_min_loss: 0.4551 - accuracy: 0.3459 - val_loss: 0.4654 - val_sqrt_abs_min_loss: 0.4654 - val_accuracy: 0.3669 - 240s/epoch - 880ms/step
Epoch 17/100
273/273 - 240s - loss: 0.4639 - sqrt_abs_min_loss: 0.4639 - accuracy: 0.3593 - val_loss: 0.4646 - val_sqrt_abs_min_loss: 0.4646 - val_accuracy: 0.2298 - 240s/epoch - 880ms/step
Epoch 18/100
273/273 - 240s - loss: 0.4669 - sqrt_abs_min_loss: 0.4669 - accuracy: 0.3554 - val_loss: 0.4675 - val_sqrt_abs_min_loss: 0.4675 - val_accuracy: 0.3679 - 240s/epoch - 880ms/step
Epoch 19/100
273/273 - 240s - loss: 0.4625 - sqrt_abs_min_loss: 0.4625 - accuracy: 0.3277 - val_loss: 0.4863 - val_sqrt_abs_min_loss: 0.4863 - val_accuracy: 0.3206 - 240s/epoch - 880ms/step
Epoch 20/100
273/273 - 240s - loss: 0.4679 - sqrt_abs_min_loss: 0.4679 - accuracy: 0.2888 - val_loss: 0.4462 - val_sqrt_abs_min_loss: 0.4462 - val_accuracy: 0.2500 - 240s/epoch - 879ms/step
Epoch 21/100
273/273 - 240s - loss: 0.4649 - sqrt_abs_min_loss: 0.4649 - accuracy: 0.3527 - val_loss: 0.4366 - val_sqrt_abs_min_loss: 0.4366 - val_accuracy: 0.2792 - 240s/epoch - 879ms/step
Epoch 22/100
273/273 - 240s - loss: 0.4618 - sqrt_abs_min_loss: 0.4618 - accuracy: 0.3163 - val_loss: 0.4822 - val_sqrt_abs_min_loss: 0.4822 - val_accuracy: 0.3679 - 240s/epoch - 880ms/step
Epoch 23/100
273/273 - 240s - loss: 0.4552 - sqrt_abs_min_loss: 0.4552 - accuracy: 0.3213 - val_loss: 0.4586 - val_sqrt_abs_min_loss: 0.4586 - val_accuracy: 0.2913 - 240s/epoch - 879ms/step
Epoch 24/100
273/273 - 240s - loss: 0.4588 - sqrt_abs_min_loss: 0.4588 - accuracy: 0.3310 - val_loss: 0.4753 - val_sqrt_abs_min_loss: 0.4753 - val_accuracy: 0.2440 - 240s/epoch - 880ms/step
Epoch 25/100
273/273 - 240s - loss: 0.4640 - sqrt_abs_min_loss: 0.4640 - accuracy: 0.3283 - val_loss: 0.4560 - val_sqrt_abs_min_loss: 0.4560 - val_accuracy: 0.4032 - 240s/epoch - 877ms/step
Epoch 26/100
273/273 - 240s - loss: 0.4682 - sqrt_abs_min_loss: 0.4682 - accuracy: 0.3395 - val_loss: 0.4550 - val_sqrt_abs_min_loss: 0.4550 - val_accuracy: 0.3508 - 240s/epoch - 880ms/step
Epoch 27/100
273/273 - 240s - loss: 0.4668 - sqrt_abs_min_loss: 0.4668 - accuracy: 0.4026 - val_loss: 0.4830 - val_sqrt_abs_min_loss: 0.4830 - val_accuracy: 0.3357 - 240s/epoch - 879ms/step
Epoch 28/100
273/273 - 240s - loss: 0.4672 - sqrt_abs_min_loss: 0.4672 - accuracy: 0.3378 - val_loss: 0.4248 - val_sqrt_abs_min_loss: 0.4248 - val_accuracy: 0.2006 - 240s/epoch - 879ms/step
Epoch 29/100
273/273 - 240s - loss: 0.4723 - sqrt_abs_min_loss: 0.4723 - accuracy: 0.3380 - val_loss: 0.4850 - val_sqrt_abs_min_loss: 0.4850 - val_accuracy: 0.4183 - 240s/epoch - 879ms/step
Epoch 30/100
273/273 - 240s - loss: 0.4605 - sqrt_abs_min_loss: 0.4605 - accuracy: 0.4124 - val_loss: 0.4339 - val_sqrt_abs_min_loss: 0.4339 - val_accuracy: 0.5645 - 240s/epoch - 879ms/step
Epoch 31/100
273/273 - 240s - loss: 0.4685 - sqrt_abs_min_loss: 0.4685 - accuracy: 0.3553 - val_loss: 0.4774 - val_sqrt_abs_min_loss: 0.4774 - val_accuracy: 0.2440 - 240s/epoch - 878ms/step
Epoch 32/100
273/273 - 240s - loss: 0.4706 - sqrt_abs_min_loss: 0.4706 - accuracy: 0.3388 - val_loss: 0.4590 - val_sqrt_abs_min_loss: 0.4590 - val_accuracy: 0.3407 - 240s/epoch - 878ms/step
Epoch 33/100
273/273 - 240s - loss: 0.4530 - sqrt_abs_min_loss: 0.4530 - accuracy: 0.3489 - val_loss: 0.4392 - val_sqrt_abs_min_loss: 0.4392 - val_accuracy: 0.3357 - 240s/epoch - 878ms/step
Epoch 34/100
273/273 - 240s - loss: 0.4661 - sqrt_abs_min_loss: 0.4661 - accuracy: 0.3808 - val_loss: 0.4470 - val_sqrt_abs_min_loss: 0.4470 - val_accuracy: 0.3972 - 240s/epoch - 879ms/step
Epoch 35/100
273/273 - 240s - loss: 0.4599 - sqrt_abs_min_loss: 0.4599 - accuracy: 0.3347 - val_loss: 0.4942 - val_sqrt_abs_min_loss: 0.4942 - val_accuracy: 0.2490 - 240s/epoch - 879ms/step
Epoch 36/100
273/273 - 240s - loss: 0.4714 - sqrt_abs_min_loss: 0.4714 - accuracy: 0.3301 - val_loss: 0.4619 - val_sqrt_abs_min_loss: 0.4619 - val_accuracy: 0.2137 - 240s/epoch - 879ms/step
Epoch 37/100
273/273 - 240s - loss: 0.4595 - sqrt_abs_min_loss: 0.4595 - accuracy: 0.3381 - val_loss: 0.4645 - val_sqrt_abs_min_loss: 0.4645 - val_accuracy: 0.2611 - 240s/epoch - 879ms/step
Epoch 38/100
273/273 - 240s - loss: 0.4685 - sqrt_abs_min_loss: 0.4685 - accuracy: 0.3053 - val_loss: 0.4742 - val_sqrt_abs_min_loss: 0.4742 - val_accuracy: 0.2218 - 240s/epoch - 878ms/step
Epoch 39/100
273/273 - 240s - loss: 0.4704 - sqrt_abs_min_loss: 0.4704 - accuracy: 0.3581 - val_loss: 0.4789 - val_sqrt_abs_min_loss: 0.4789 - val_accuracy: 0.3286 - 240s/epoch - 879ms/step
Epoch 40/100
273/273 - 240s - loss: 0.4676 - sqrt_abs_min_loss: 0.4676 - accuracy: 0.3985 - val_loss: 0.4633 - val_sqrt_abs_min_loss: 0.4633 - val_accuracy: 0.4405 - 240s/epoch - 878ms/step
Epoch 41/100
273/273 - 240s - loss: 0.4726 - sqrt_abs_min_loss: 0.4726 - accuracy: 0.3544 - val_loss: 0.4836 - val_sqrt_abs_min_loss: 0.4836 - val_accuracy: 0.3286 - 240s/epoch - 878ms/step
Epoch 42/100
273/273 - 240s - loss: 0.4599 - sqrt_abs_min_loss: 0.4599 - accuracy: 0.3631 - val_loss: 0.4791 - val_sqrt_abs_min_loss: 0.4791 - val_accuracy: 0.2702 - 240s/epoch - 879ms/step
Epoch 43/100
273/273 - 240s - loss: 0.4636 - sqrt_abs_min_loss: 0.4636 - accuracy: 0.3163 - val_loss: 0.4757 - val_sqrt_abs_min_loss: 0.4757 - val_accuracy: 0.3286 - 240s/epoch - 877ms/step
Epoch 44/100
273/273 - 240s - loss: 0.4695 - sqrt_abs_min_loss: 0.4695 - accuracy: 0.3249 - val_loss: 0.4598 - val_sqrt_abs_min_loss: 0.4598 - val_accuracy: 0.3044 - 240s/epoch - 879ms/step
Epoch 45/100
273/273 - 240s - loss: 0.4663 - sqrt_abs_min_loss: 0.4663 - accuracy: 0.3500 - val_loss: 0.4802 - val_sqrt_abs_min_loss: 0.4802 - val_accuracy: 0.3397 - 240s/epoch - 879ms/step
Epoch 46/100
273/273 - 240s - loss: 0.4605 - sqrt_abs_min_loss: 0.4605 - accuracy: 0.3478 - val_loss: 0.4719 - val_sqrt_abs_min_loss: 0.4719 - val_accuracy: 0.2762 - 240s/epoch - 879ms/step
Epoch 47/100
273/273 - 240s - loss: 0.4654 - sqrt_abs_min_loss: 0.4654 - accuracy: 0.3724 - val_loss: 0.4688 - val_sqrt_abs_min_loss: 0.4688 - val_accuracy: 0.3317 - 240s/epoch - 878ms/step
Epoch 48/100
273/273 - 240s - loss: 0.4688 - sqrt_abs_min_loss: 0.4688 - accuracy: 0.3538 - val_loss: 0.4846 - val_sqrt_abs_min_loss: 0.4846 - val_accuracy: 0.2661 - 240s/epoch - 879ms/step
Epoch 49/100
273/273 - 240s - loss: 0.4691 - sqrt_abs_min_loss: 0.4691 - accuracy: 0.2784 - val_loss: 0.4830 - val_sqrt_abs_min_loss: 0.4830 - val_accuracy: 0.4335 - 240s/epoch - 879ms/step
Epoch 50/100
273/273 - 240s - loss: 0.4616 - sqrt_abs_min_loss: 0.4616 - accuracy: 0.3498 - val_loss: 0.4650 - val_sqrt_abs_min_loss: 0.4650 - val_accuracy: 0.3659 - 240s/epoch - 879ms/step
Epoch 51/100
273/273 - 240s - loss: 0.4495 - sqrt_abs_min_loss: 0.4495 - accuracy: 0.4058 - val_loss: 0.4659 - val_sqrt_abs_min_loss: 0.4659 - val_accuracy: 0.3972 - 240s/epoch - 879ms/step
Epoch 52/100
273/273 - 240s - loss: 0.4724 - sqrt_abs_min_loss: 0.4724 - accuracy: 0.3083 - val_loss: 0.4636 - val_sqrt_abs_min_loss: 0.4636 - val_accuracy: 0.3397 - 240s/epoch - 878ms/step
Epoch 53/100
273/273 - 240s - loss: 0.4585 - sqrt_abs_min_loss: 0.4585 - accuracy: 0.3442 - val_loss: 0.4811 - val_sqrt_abs_min_loss: 0.4811 - val_accuracy: 0.2177 - 240s/epoch - 878ms/step
Epoch 54/100
273/273 - 240s - loss: 0.4605 - sqrt_abs_min_loss: 0.4605 - accuracy: 0.3373 - val_loss: 0.4806 - val_sqrt_abs_min_loss: 0.4806 - val_accuracy: 0.3165 - 240s/epoch - 879ms/step
Epoch 55/100
273/273 - 240s - loss: 0.4677 - sqrt_abs_min_loss: 0.4677 - accuracy: 0.3227 - val_loss: 0.4687 - val_sqrt_abs_min_loss: 0.4687 - val_accuracy: 0.2853 - 240s/epoch - 881ms/step
Epoch 56/100
273/273 - 240s - loss: 0.4675 - sqrt_abs_min_loss: 0.4675 - accuracy: 0.3330 - val_loss: 0.4483 - val_sqrt_abs_min_loss: 0.4483 - val_accuracy: 0.3679 - 240s/epoch - 880ms/step
Epoch 57/100
273/273 - 240s - loss: nan - sqrt_abs_min_loss: nan - accuracy: 0.3863 - val_loss: nan - val_sqrt_abs_min_loss: nan - val_accuracy: 0.2903 - 240s/epoch - 879ms/step
Epoch 58/100
273/273 - 239s - loss: nan - sqrt_abs_min_loss: nan - accuracy: 0.3495 - val_loss: nan - val_sqrt_abs_min_loss: nan - val_accuracy: 0.2802 - 239s/epoch - 877ms/step
Epoch 59/100
273/273 - 239s - loss: nan - sqrt_abs_min_loss: nan - accuracy: 0.3599 - val_loss: nan - val_sqrt_abs_min_loss: nan - val_accuracy: 0.3770 - 239s/epoch - 877ms/step
Epoch 60/100
273/273 - 239s - loss: nan - sqrt_abs_min_loss: nan - accuracy: 0.3383 - val_loss: nan - val_sqrt_abs_min_loss: nan - val_accuracy: 0.3357 - 239s/epoch - 877ms/step
Epoch 61/100
273/273 - 240s - loss: nan - sqrt_abs_min_loss: nan - accuracy: 0.3355 - val_loss: nan - val_sqrt_abs_min_loss: nan - val_accuracy: 0.4345 - 240s/epoch - 878ms/step
Epoch 62/100
273/273 - 239s - loss: nan - sqrt_abs_min_loss: nan - accuracy: 0.3775 - val_loss: nan - val_sqrt_abs_min_loss: nan - val_accuracy: 0.3256 - 239s/epoch - 877ms/step
Epoch 63/100
273/273 - 239s - loss: nan - sqrt_abs_min_loss: nan - accuracy: 0.3155 - val_loss: nan - val_sqrt_abs_min_loss: nan - val_accuracy: 0.3508 - 239s/epoch - 876ms/step
Epoch 64/100
273/273 - 240s - loss: nan - sqrt_abs_min_loss: nan - accuracy: 0.3227 - val_loss: nan - val_sqrt_abs_min_loss: nan - val_accuracy: 0.3498 - 240s/epoch - 879ms/step
Epoch 65/100
273/273 - 240s - loss: nan - sqrt_abs_min_loss: nan - accuracy: 0.3515 - val_loss: nan - val_sqrt_abs_min_loss: nan - val_accuracy: 0.2500 - 240s/epoch - 878ms/step
Epoch 66/100
273/273 - 239s - loss: nan - sqrt_abs_min_loss: nan - accuracy: 0.3257 - val_loss: nan - val_sqrt_abs_min_loss: nan - val_accuracy: 0.3236 - 239s/epoch - 876ms/step
Epoch 67/100
273/273 - 239s - loss: nan - sqrt_abs_min_loss: nan - accuracy: 0.3502 - val_loss: nan - val_sqrt_abs_min_loss: nan - val_accuracy: 0.3004 - 239s/epoch - 877ms/step
Epoch 68/100
273/273 - 240s - loss: nan - sqrt_abs_min_loss: nan - accuracy: 0.3473 - val_loss: nan - val_sqrt_abs_min_loss: nan - val_accuracy: 0.3276 - 240s/epoch - 878ms/step
Epoch 69/100
273/273 - 239s - loss: nan - sqrt_abs_min_loss: nan - accuracy: 0.2995 - val_loss: nan - val_sqrt_abs_min_loss: nan - val_accuracy: 0.3417 - 239s/epoch - 876ms/step
Epoch 70/100
273/273 - 240s - loss: nan - sqrt_abs_min_loss: nan - accuracy: 0.3147 - val_loss: nan - val_sqrt_abs_min_loss: nan - val_accuracy: 0.5151 - 240s/epoch - 878ms/step
Epoch 71/100
273/273 - 240s - loss: nan - sqrt_abs_min_loss: nan - accuracy: 0.3236 - val_loss: nan - val_sqrt_abs_min_loss: nan - val_accuracy: 0.3669 - 240s/epoch - 877ms/step
Epoch 72/100
273/273 - 240s - loss: nan - sqrt_abs_min_loss: nan - accuracy: 0.3405 - val_loss: nan - val_sqrt_abs_min_loss: nan - val_accuracy: 0.3740 - 240s/epoch - 878ms/step
Epoch 73/100
273/273 - 240s - loss: nan - sqrt_abs_min_loss: nan - accuracy: 0.3717 - val_loss: nan - val_sqrt_abs_min_loss: nan - val_accuracy: 0.3639 - 240s/epoch - 878ms/step
Epoch 74/100
273/273 - 240s - loss: nan - sqrt_abs_min_loss: nan - accuracy: 0.2991 - val_loss: nan - val_sqrt_abs_min_loss: nan - val_accuracy: 0.2853 - 240s/epoch - 878ms/step
Epoch 75/100
User defined signal 2

------------------------------------------------------------
Sender: LSF System <lsfadmin@hpc.dtu.dk>
Subject: Job 15232364: <s202741-train> in cluster <dcc> Exited

Job <s202741-train> was submitted from host <n-62-20-1> by user <s202741> in cluster <dcc> at Sun Jan 22 12:32:39 2023
Job was executed on host(s) <4*n-62-11-13>, in queue <gpuv100>, as user <s202741> in cluster <dcc> at Mon Jan 23 11:24:47 2023
</zhome/ab/7/153983> was used as the home directory.
</zhome/ab/7/153983/project/scripts> was used as the working directory.
Started at Mon Jan 23 11:24:47 2023
Terminated at Mon Jan 23 16:25:18 2023
Results reported at Mon Jan 23 16:25:18 2023

Your job looked like:

------------------------------------------------------------
# LSBATCH: User input

#!/bin/bash
### General options
### -- specify queue --   NOTE: TitanX is significantly faster than K80
#BSUB -q gpuv100
#BSUB -gpu "num=1:mode=exclusive_process"
### -- set the job Name --
#BSUB -J s202741-train
### -- ask for number of cores (default: 1) --
#BSUB -n 4
#BSUB -R "span[hosts=1]"
### -- set walltime limit: hh:mm --  maximum 24 hours for GPU-queues right now
#BSUB -W 5:00
# request 5GB of memory
#BSUB -R "rusage[mem=5GB]"
### -- Specify the output and error file. %J is the job-id --
### -- -o and -e mean append, -oo and -eo mean overwrite --
#BSUB -o iter6/Logs/RMSprop_sqrt_abs_min_loss_0001_model_g_%J.out
# -- end of LSF options --

# Necessary modules
cd ..
source venv/bin/activate

python trainModelIter3.py 100 "RMSprop(learning_rate=0.001)" "sqrt_abs_min_loss" "black_background_500x500.csv" 2 "RMSprop_sqrt_abs_min_loss_0001_model_g_" "iter6" "load_model_g"

    
------------------------------------------------------------

TERM_RUNLIMIT: job killed after reaching LSF run time limit.
Exited with exit code 140.

Resource usage summary:

    CPU time :                                   21143.00 sec.
    Max Memory :                                 3058 MB
    Average Memory :                             2929.57 MB
    Total Requested Memory :                     20480.00 MB
    Delta Memory :                               17422.00 MB
    Max Swap :                                   -
    Max Processes :                              4
    Max Threads :                                33
    Run time :                                   18033 sec.
    Turnaround time :                            100359 sec.

The output (if any) is above this job summary.

