Loaded dependency [python3/3.10.7]: gcc/11.3.0-binutils-2.38
Loaded module: python3/3.10.7

Loading python3/3.10.7
  Loading requirement: gcc/11.3.0-binutils-2.38
Loaded module: cuda/11.6
Loaded module: cudnn/v8.3.2.44-prod-cuda-11.X
2023-01-19 10:24:13.290273: I tensorflow/core/platform/cpu_feature_guard.cc:193] This TensorFlow binary is optimized with oneAPI Deep Neural Network Library (oneDNN) to use the following CPU instructions in performance-critical operations:  AVX2 AVX512F FMA
To enable them in other operations, rebuild TensorFlow with the appropriate compiler flags.
2023-01-19 10:24:17.878137: W tensorflow/compiler/xla/stream_executor/platform/default/dso_loader.cc:64] Could not load dynamic library 'libnvinfer.so.7'; dlerror: libnvinfer.so.7: cannot open shared object file: No such file or directory; LD_LIBRARY_PATH: /appl/cudnn/v8.3.2.44-prod-cuda-11.5/lib:/appl/cuda/11.6.0/lib64:/appl/python/3.10.7/lib:/appl/gcc/11.3.0-binutils-2.38/lib64:/appl/gcc/11.3.0-binutils-2.38/lib:/lsf/10.1/linux3.10-glibc2.17-x86_64/lib
2023-01-19 10:24:17.878892: W tensorflow/compiler/xla/stream_executor/platform/default/dso_loader.cc:64] Could not load dynamic library 'libnvinfer_plugin.so.7'; dlerror: libnvinfer_plugin.so.7: cannot open shared object file: No such file or directory; LD_LIBRARY_PATH: /appl/cudnn/v8.3.2.44-prod-cuda-11.5/lib:/appl/cuda/11.6.0/lib64:/appl/python/3.10.7/lib:/appl/gcc/11.3.0-binutils-2.38/lib64:/appl/gcc/11.3.0-binutils-2.38/lib:/lsf/10.1/linux3.10-glibc2.17-x86_64/lib
2023-01-19 10:24:17.878906: W tensorflow/compiler/tf2tensorrt/utils/py_utils.cc:38] TF-TRT Warning: Cannot dlopen some TensorRT libraries. If you would like to use Nvidia GPU with TensorRT, please make sure the missing libraries mentioned above are installed properly.
2023-01-19 10:24:25.070422: I tensorflow/core/platform/cpu_feature_guard.cc:193] This TensorFlow binary is optimized with oneAPI Deep Neural Network Library (oneDNN) to use the following CPU instructions in performance-critical operations:  AVX2 AVX512F FMA
To enable them in other operations, rebuild TensorFlow with the appropriate compiler flags.
2023-01-19 10:24:27.646886: I tensorflow/core/common_runtime/gpu/gpu_device.cc:1613] Created device /job:localhost/replica:0/task:0/device:GPU:0 with 30961 MB memory:  -> device: 0, name: Tesla V100-SXM2-32GB, pci bus id: 0000:16:00.0, compute capability: 7.0
Epochs:  100
Optimizer:  Adam(learning_rate=0.0005, amsgrad=True)
Metrics:  ["accuracy", tf.keras.metrics.MeanSquaredError(name="mean_squared_error", dtype=None)]
Loss function name:  square_abs_min_individual_loss
Csv file used:  black_background_500x500.csv
Verbose:  2
Unique name:  Adam_square_abs_min_individual_loss_00005_amsgrad_true
Output folder:  iter3
 ################ MODEL ############### 
 
inputs = keras.Input(shape=(input_size, input_size, 1))
x = layers.Conv2D(filters=32, kernel_size=3, activation="relu")(inputs)
x = layers.Conv2D(filters=32, kernel_size=3, activation="relu")(x)
x = layers.MaxPooling2D(pool_size=4)(x)
x = layers.Conv2D(filters=32, kernel_size=3, activation="relu")(x)
x = layers.Conv2D(filters=32, kernel_size=3, activation="relu")(x)
x = layers.MaxPooling2D(pool_size=4)(x)
x = layers.Conv2D(filters=32, kernel_size=3, activation="relu")(x)
x = layers.Conv2D(filters=32, kernel_size=3, activation="relu")(x)
x = layers.MaxPooling2D(pool_size=4)(x)
x = layers.Flatten()(x)
x = layers.Dense(128, activation="relu")(x)
x = layers.Dense(16, activation="relu")(x)
outputs = layers.Dense(3)(x)


Model: "model"
_________________________________________________________________
 Layer (type)                Output Shape              Param #   
=================================================================
 input_1 (InputLayer)        [(None, 500, 500, 1)]     0         
                                                                 
 conv2d (Conv2D)             (None, 498, 498, 32)      320       
                                                                 
 conv2d_1 (Conv2D)           (None, 496, 496, 32)      9248      
                                                                 
 max_pooling2d (MaxPooling2D  (None, 124, 124, 32)     0         
 )                                                               
                                                                 
 conv2d_2 (Conv2D)           (None, 122, 122, 32)      9248      
                                                                 
 conv2d_3 (Conv2D)           (None, 120, 120, 32)      9248      
                                                                 
 max_pooling2d_1 (MaxPooling  (None, 30, 30, 32)       0         
 2D)                                                             
                                                                 
 conv2d_4 (Conv2D)           (None, 28, 28, 32)        9248      
                                                                 
 conv2d_5 (Conv2D)           (None, 26, 26, 32)        9248      
                                                                 
 max_pooling2d_2 (MaxPooling  (None, 6, 6, 32)         0         
 2D)                                                             
                                                                 
 flatten (Flatten)           (None, 1152)              0         
                                                                 
 dense (Dense)               (None, 128)               147584    
                                                                 
 dense_1 (Dense)             (None, 16)                2064      
                                                                 
 dense_2 (Dense)             (None, 3)                 51        
                                                                 
=================================================================
Total params: 196,259
Trainable params: 196,259
Non-trainable params: 0
_________________________________________________________________
/zhome/ab/7/153983/project/venv/lib/python3.10/site-packages/keras/utils/image_utils.py:409: UserWarning: grayscale is deprecated. Please use color_mode = "grayscale"
  warnings.warn(
Epoch 1/100
2023-01-19 10:24:32.134215: I tensorflow/compiler/xla/stream_executor/cuda/cuda_dnn.cc:428] Loaded cuDNN version 8302
273/273 - 76s - loss: 0.0778 - accuracy: 0.3142 - mean_squared_error: 0.3718 - val_loss: 0.0892 - val_accuracy: 0.2923 - val_mean_squared_error: 0.3593 - 76s/epoch - 279ms/step
Epoch 2/100
273/273 - 71s - loss: 0.0772 - accuracy: 0.3067 - mean_squared_error: 0.3601 - val_loss: 0.0802 - val_accuracy: 0.3175 - val_mean_squared_error: 0.2880 - 71s/epoch - 259ms/step
Epoch 3/100
273/273 - 68s - loss: 0.0812 - accuracy: 0.3451 - mean_squared_error: 0.3949 - val_loss: 0.0948 - val_accuracy: 0.2661 - val_mean_squared_error: 0.3896 - 68s/epoch - 250ms/step
Epoch 4/100
273/273 - 70s - loss: 0.0774 - accuracy: 0.3657 - mean_squared_error: 0.3529 - val_loss: 0.0774 - val_accuracy: 0.3236 - val_mean_squared_error: 0.3242 - 70s/epoch - 256ms/step
Epoch 5/100
273/273 - 70s - loss: 0.0806 - accuracy: 0.3254 - mean_squared_error: 0.4864 - val_loss: 0.0748 - val_accuracy: 0.2339 - val_mean_squared_error: 0.5588 - 70s/epoch - 256ms/step
Epoch 6/100
273/273 - 70s - loss: 0.0620 - accuracy: 0.2731 - mean_squared_error: 0.4669 - val_loss: 0.0944 - val_accuracy: 0.4103 - val_mean_squared_error: 0.5074 - 70s/epoch - 258ms/step
Epoch 7/100
273/273 - 69s - loss: 0.0324 - accuracy: 0.2967 - mean_squared_error: 0.4551 - val_loss: 0.0839 - val_accuracy: 0.3498 - val_mean_squared_error: 0.4466 - 69s/epoch - 252ms/step
Epoch 8/100
273/273 - 69s - loss: 0.0185 - accuracy: 0.3166 - mean_squared_error: 0.5166 - val_loss: 0.0767 - val_accuracy: 0.3710 - val_mean_squared_error: 0.4659 - 69s/epoch - 252ms/step
Epoch 9/100
273/273 - 70s - loss: 0.0160 - accuracy: 0.3331 - mean_squared_error: 0.5461 - val_loss: 0.0861 - val_accuracy: 0.3861 - val_mean_squared_error: 0.5469 - 70s/epoch - 256ms/step
Epoch 10/100
273/273 - 69s - loss: 0.0126 - accuracy: 0.3345 - mean_squared_error: 0.5108 - val_loss: 0.0843 - val_accuracy: 0.3357 - val_mean_squared_error: 0.4113 - 69s/epoch - 254ms/step
Epoch 11/100
273/273 - 69s - loss: 0.0126 - accuracy: 0.3207 - mean_squared_error: 0.5672 - val_loss: 0.0899 - val_accuracy: 0.3841 - val_mean_squared_error: 0.4628 - 69s/epoch - 254ms/step
Epoch 12/100
273/273 - 70s - loss: 0.0105 - accuracy: 0.3528 - mean_squared_error: 0.5684 - val_loss: 0.0873 - val_accuracy: 0.3256 - val_mean_squared_error: 0.4469 - 70s/epoch - 255ms/step
Epoch 13/100
273/273 - 70s - loss: 0.0090 - accuracy: 0.3792 - mean_squared_error: 0.5469 - val_loss: 0.0845 - val_accuracy: 0.4294 - val_mean_squared_error: 0.4910 - 70s/epoch - 256ms/step
Epoch 14/100
273/273 - 70s - loss: 0.0094 - accuracy: 0.3542 - mean_squared_error: 0.4901 - val_loss: 0.0925 - val_accuracy: 0.3639 - val_mean_squared_error: 0.5218 - 70s/epoch - 255ms/step
Epoch 15/100
273/273 - 69s - loss: 0.0101 - accuracy: 0.3559 - mean_squared_error: 0.5299 - val_loss: 0.0699 - val_accuracy: 0.2702 - val_mean_squared_error: 0.4774 - 69s/epoch - 251ms/step
Epoch 16/100
273/273 - 72s - loss: 0.0099 - accuracy: 0.3209 - mean_squared_error: 0.5617 - val_loss: 0.0822 - val_accuracy: 0.3075 - val_mean_squared_error: 0.4831 - 72s/epoch - 263ms/step
Epoch 17/100
273/273 - 69s - loss: 0.0111 - accuracy: 0.3357 - mean_squared_error: 0.5281 - val_loss: 0.0886 - val_accuracy: 0.3700 - val_mean_squared_error: 0.4847 - 69s/epoch - 254ms/step
Epoch 18/100
273/273 - 70s - loss: 0.0096 - accuracy: 0.3197 - mean_squared_error: 0.5704 - val_loss: 0.0811 - val_accuracy: 0.3649 - val_mean_squared_error: 0.5131 - 70s/epoch - 255ms/step
Epoch 19/100
273/273 - 69s - loss: 0.0097 - accuracy: 0.3317 - mean_squared_error: 0.5492 - val_loss: 0.0830 - val_accuracy: 0.2520 - val_mean_squared_error: 0.5304 - 69s/epoch - 252ms/step
Epoch 20/100
273/273 - 68s - loss: 0.0103 - accuracy: 0.3634 - mean_squared_error: 0.5688 - val_loss: 0.0898 - val_accuracy: 0.2893 - val_mean_squared_error: 0.4829 - 68s/epoch - 249ms/step
Epoch 21/100
273/273 - 67s - loss: 0.0118 - accuracy: 0.3291 - mean_squared_error: 0.5388 - val_loss: 0.0740 - val_accuracy: 0.3206 - val_mean_squared_error: 0.4547 - 67s/epoch - 247ms/step
Epoch 22/100
273/273 - 68s - loss: 0.0107 - accuracy: 0.3673 - mean_squared_error: 0.5703 - val_loss: 0.1013 - val_accuracy: 0.3286 - val_mean_squared_error: 0.4655 - 68s/epoch - 250ms/step
Epoch 23/100
273/273 - 66s - loss: 0.0101 - accuracy: 0.3090 - mean_squared_error: 0.5983 - val_loss: 0.0808 - val_accuracy: 0.3407 - val_mean_squared_error: 0.5866 - 66s/epoch - 242ms/step
Epoch 24/100
Terminated

------------------------------------------------------------
Sender: LSF System <lsfadmin@hpc.dtu.dk>
Subject: Job 15213435: <s202741-train> in cluster <dcc> Exited

Job <s202741-train> was submitted from host <n-62-20-1> by user <s202741> in cluster <dcc> at Wed Jan 18 23:53:45 2023
Job was executed on host(s) <4*n-62-20-10>, in queue <gpuv100>, as user <s202741> in cluster <dcc> at Thu Jan 19 10:24:08 2023
</zhome/ab/7/153983> was used as the home directory.
</zhome/ab/7/153983/project/scripts> was used as the working directory.
Started at Thu Jan 19 10:24:08 2023
Terminated at Thu Jan 19 10:51:58 2023
Results reported at Thu Jan 19 10:51:58 2023

Your job looked like:

------------------------------------------------------------
# LSBATCH: User input

#!/bin/bash
### General options
### -- specify queue --   NOTE: TitanX is significantly faster than K80
#BSUB -q gpuv100
#BSUB -gpu "num=1:mode=exclusive_process"
### -- set the job Name --
#BSUB -J s202741-train
### -- ask for number of cores (default: 1) --
#BSUB -n 4
#BSUB -R "span[hosts=1]"
### -- set walltime limit: hh:mm --  maximum 24 hours for GPU-queues right now
#BSUB -W 2:00
# request 5GB of memory
#BSUB -R "rusage[mem=5GB]"
### -- Specify the output and error file. %J is the job-id --
### -- -o and -e mean append, -oo and -eo mean overwrite --
#BSUB -o iter3/Logs/Adam_square_abs_min_individual_loss_00005_amsgrad_true%J.out
# -- end of LSF options --

# Necessary modules
cd ..
source venv/bin/activate

python trainModelIter2.py 100 "Adam(learning_rate=0.0005, amsgrad=True)" "[\"accuracy\", tf.keras.metrics.MeanSquaredError(name=\"mean_squared_error\", dtype=None)]" "square_abs_min_individual_loss" "black_background_500x500.csv" 2 "Adam_square_abs_min_individual_loss_00005_amsgrad_true" "iter3"

    
------------------------------------------------------------

Exited with exit code 143.

Resource usage summary:

    CPU time :                                   1976.00 sec.
    Max Memory :                                 2967 MB
    Average Memory :                             2674.64 MB
    Total Requested Memory :                     20480.00 MB
    Delta Memory :                               17513.00 MB
    Max Swap :                                   -
    Max Processes :                              4
    Max Threads :                                27
    Run time :                                   1671 sec.
    Turnaround time :                            39493 sec.

The output (if any) is above this job summary.

